<?xml version="1.0" encoding="UTF-8"?>
<!-- Generated by org.testng.reporters.JUnitXMLReporter -->
<testsuite hostname="DESKTOP-603Q29B" ignored="0" name="Acceptance Test Cases" tests="6" failures="0" timestamp="25 Mar 2019 17:58:29 GMT" time="102.043" errors="0">
  <testcase name="testInvalidLogin" time="3.384" classname="com.practice.test.LoginTest"/>
  <testcase name="validLogin" time="5.066" classname="com.practice.test.LoginTest"/>
  <testcase name="alertConfirm" time="1.797" classname="com.practice.test.JavaScriptAlertsTest"/>
  <testcase name="alertTextVerification" time="1.1" classname="com.practice.test.JavaScriptAlertsTest"/>
  <testcase name="fileUpload" time="9.533" classname="com.practice.test.FileUploadTest"/>
  <testcase name="fileUpload" time="5.057" classname="com.practice.test.IFrameTest"/>
</testsuite> <!-- Acceptance Test Cases -->
